<?xml version="1.0" encoding="UTF-8"?>
<!-- Generated by org.testng.reporters.JUnitReportReporter -->
<testsuite hostname="SOLDIER" failures="0" tests="4" name="QA_Practice.Forms_login" time="15.908" errors="0" timestamp="2025-04-05T19:30:50 IST" skipped="0">
  <testcase classname="QA_Practice.Forms_login" name="T1" time="4.258"/>
  <testcase classname="QA_Practice.Forms_login" name="T2" time="4.238"/>
  <testcase classname="QA_Practice.Forms_login" name="T3" time="4.240"/>
  <testcase classname="QA_Practice.Forms_login" name="T4" time="3.172"/>
</testsuite> <!-- QA_Practice.Forms_login -->
