<?xml version="1.0" encoding="UTF-8"?>
<!-- Generated by org.testng.reporters.JUnitReportReporter -->
<testsuite hostname="SOLDIER" failures="0" tests="1" name="QA_Practice.ECommerceLogin" time="3.426" errors="0" timestamp="2025-04-04T19:52:36 IST" skipped="0">
  <testcase classname="QA_Practice.ECommerceLogin" name="T4" time="3.426"/>
</testsuite> <!-- QA_Practice.ECommerceLogin -->
