<?xml version="1.0" encoding="UTF-8"?>
<!-- Generated by org.testng.reporters.JUnitReportReporter -->
<testsuite hostname="SOLDIER" failures="0" tests="2" name="QA_Practice.Compatibility" time="9.482" errors="0" timestamp="2025-04-01T22:43:14 IST" skipped="0">
  <testcase classname="QA_Practice.Compatibility" name="f" time="4.450"/>
  <testcase classname="QA_Practice.Compatibility" name="f" time="5.032"/>
</testsuite> <!-- QA_Practice.Compatibility -->
