<?xml version="1.0" encoding="UTF-8"?>
<!-- Generated by org.testng.reporters.JUnitReportReporter -->
<testsuite hostname="SOLDIER" failures="0" tests="3" name="QA_Practice.Forms_RecoverPassword" time="12.518" errors="0" timestamp="2025-04-05T20:09:40 IST" skipped="0">
  <testcase classname="QA_Practice.Forms_RecoverPassword" name="T1" time="4.173"/>
  <testcase classname="QA_Practice.Forms_RecoverPassword" name="T2" time="4.178"/>
  <testcase classname="QA_Practice.Forms_RecoverPassword" name="T3" time="4.167"/>
</testsuite> <!-- QA_Practice.Forms_RecoverPassword -->
